c:\users\student\source\repos\kosarkasolution\kosarkaproject\x64\debug\vc142.pdb
c:\users\student\source\repos\kosarkasolution\kosarkaproject\x64\debug\vc142.idb
c:\users\npc\desktop\kosarkakviz-main\kosarkasolution\kosarkaproject\x64\debug\vc143.pdb
c:\users\npc\desktop\kosarkakviz-main\kosarkasolution\kosarkaproject\x64\debug\vc143.idb
c:\users\npc\desktop\kosarkakviz-main\kosarkasolution\kosarkaproject\x64\debug\quiz.obj
c:\users\npc\desktop\kosarkakviz-main\kosarkasolution\kosarkaproject\x64\debug\main.obj
c:\users\npc\desktop\kosarkakviz-main\kosarkasolution\kosarkaproject\x64\debug\file_utils.obj
c:\users\npc\desktop\kosarkakviz-main\kosarkasolution\kosarkaproject\x64\debug\kosarkaproject.ilk
c:\users\npc\desktop\kosarkakviz-main\kosarkasolution\kosarkaproject\x64\debug\vc142.idb
c:\users\npc\desktop\kosarkakviz-main\kosarkasolution\kosarkaproject\x64\debug\vc142.pdb
c:\users\npc\desktop\kosarkakviz-main\kosarkasolution\x64\debug\kosarkaproject.pdb
c:\users\npc\desktop\kosarkakviz-main\kosarkasolution\x64\debug\kosarkaproject.exe
c:\users\npc\desktop\kosarkakviz-main\kosarkasolution\kosarkaproject\x64\debug\kosarkaproject.tlog\cl.command.1.tlog
c:\users\npc\desktop\kosarkakviz-main\kosarkasolution\kosarkaproject\x64\debug\kosarkaproject.tlog\cl.items.tlog
c:\users\npc\desktop\kosarkakviz-main\kosarkasolution\kosarkaproject\x64\debug\kosarkaproject.tlog\cl.read.1.tlog
c:\users\npc\desktop\kosarkakviz-main\kosarkasolution\kosarkaproject\x64\debug\kosarkaproject.tlog\cl.write.1.tlog
c:\users\npc\desktop\kosarkakviz-main\kosarkasolution\kosarkaproject\x64\debug\kosarkaproject.tlog\link.command.1.tlog
c:\users\npc\desktop\kosarkakviz-main\kosarkasolution\kosarkaproject\x64\debug\kosarkaproject.tlog\link.read.1.tlog
c:\users\npc\desktop\kosarkakviz-main\kosarkasolution\kosarkaproject\x64\debug\kosarkaproject.tlog\link.secondary.1.tlog
c:\users\npc\desktop\kosarkakviz-main\kosarkasolution\kosarkaproject\x64\debug\kosarkaproject.tlog\link.write.1.tlog
